Arguments: 
  /usr/local/bin/node /usr/local/Cellar/yarn/1.22.19/libexec/bin/yarn.js install

PATH: 
  /opt/local/bin:/opt/local/sbin:/Library/Frameworks/Python.framework/Versions/3.10/bin:/usr/local/bin:/System/Cryptexes/App/usr/bin:/usr/bin:/bin:/usr/sbin:/sbin:/usr/local/share/dotnet:~/.dotnet/tools:/Library/Apple/usr/bin:/Users/pc/.cargo/bin:/Users/pc/Library/Python/3.10/bin:/Users/pc/.local/bin:/Applications/Visual Studio Code.app/Contents/Resources/app/bin:/Users/pc/Library/Python/3.10/bin:/Users/pc/.local/bin:/Users/pc/.foundry/bin:/Users/pc/.foundry/bin:/Users/pc/.foundry/bin:/Users/pc/.foundry/bin:/Users/pc/.foundry/bin:/Users/pc/.foundry/bin:/Users/pc/.foundry/bin:/Users/pc/.foundry/bin

Yarn version: 
  1.22.19

Node version: 
  16.15.0

Platform: 
  darwin x64

Trace: 
  Error: https://registry.yarnpkg.com/@my-app%2fcontracts: Not found
      at Request.params.callback [as _callback] (/usr/local/Cellar/yarn/1.22.19/libexec/lib/cli.js:66145:18)
      at Request.self.callback (/usr/local/Cellar/yarn/1.22.19/libexec/lib/cli.js:140890:22)
      at Request.emit (node:events:527:28)
      at Request.<anonymous> (/usr/local/Cellar/yarn/1.22.19/libexec/lib/cli.js:141862:10)
      at Request.emit (node:events:527:28)
      at IncomingMessage.<anonymous> (/usr/local/Cellar/yarn/1.22.19/libexec/lib/cli.js:141784:12)
      at Object.onceWrapper (node:events:641:28)
      at IncomingMessage.emit (node:events:539:35)
      at endReadableNT (node:internal/streams/readable:1345:12)
      at processTicksAndRejections (node:internal/process/task_queues:83:21)

npm manifest: 
  {
    "name": "@my-app/react-app",
    "version": "1.0.0",
    "homepage": "./",
    "browserslist": {
      "production": [
        ">0.2%",
        "not dead",
        "not op_mini all"
      ],
      "development": [
        "last 1 chrome version",
        "last 1 firefox version",
        "last 1 safari version"
      ]
    },
    "dependencies": {
      "@apollo/client": "^3.5.10",
      "@ethersproject/contracts": "^5.6.0",
      "@ethersproject/providers": "^5.6.0",
      "@glif/filecoin-address": "^2.0.18",
      "@my-app/contracts": "^1.0.0",
      "@testing-library/dom": "^8.11.3",
      "@testing-library/jest-dom": "^5.16.2",
      "@testing-library/react": "^12.1.4",
      "@testing-library/user-event": "^13.5.0",
      "@types/react": "^17.0.40",
      "@uniswap/sdk": "^3.0.2",
      "@uniswap/v2-core": "^1.0.1",
      "@uniswap/v2-periphery": "^1.1.0-beta.0",
      "@usedapp/core": "^1.1.5",
      "dotenv": "^10.0.0",
      "ethers": "^5.7.0",
      "graphql": "^16.3.0",
      "ipfs-deploy": "^11.2.0",
      "react": "17.0.2",
      "react-dom": "17.0.2",
      "react-scripts": "4.0.3",
      "styled-components": "^5.3.3",
      "tailwindcss": "^3.2.6",
      "web3": "^1.8.2"
    },
    "eslintConfig": {
      "extends": [
        "react-app",
        "react-app/jest"
      ]
    },
    "scripts": {
      "build": "react-scripts build",
      "eject": "react-scripts eject",
      "ipfs": "yarn build && ipfs-deploy build/",
      "start": "react-scripts start",
      "test": "react-scripts test"
    }
  }

yarn manifest: 
  No manifest

Lockfile: 
  No lockfile
